#
# A fatal error has been detected by the Java Runtime Environment:
#
#  EXCEPTION_ACCESS_VIOLATION (0xc0000005) at pc=0x00007ffdc01acac8, pid=29464, tid=28776
#
# JRE version: OpenJDK Runtime Environment Temurin-17.0.10+7 (17.0.10+7) (build 17.0.10+7)
# Java VM: OpenJDK 64-Bit Server VM Temurin-17.0.10+7 (17.0.10+7, mixed mode, tiered, compressed oops, compressed class ptrs, parallel gc, windows-amd64)
# Problematic frame:
# V  [jvm.dll+0xcac8]
#
# No core dump will be written. Minidumps are not enabled by default on client versions of Windows
#
# If you would like to submit a bug report, please visit:
#   https://github.com/adoptium/adoptium-support/issues
#

---------------  S U M M A R Y ------------

Command Line: --add-modules=ALL-SYSTEM --add-opens=java.base/java.util=ALL-UNNAMED --add-opens=java.base/java.lang=ALL-UNNAMED --add-opens=java.base/sun.nio.fs=ALL-UNNAMED -Declipse.application=org.eclipse.jdt.ls.core.id1 -Dosgi.bundles.defaultStartLevel=4 -Declipse.product=org.eclipse.jdt.ls.core.product -Djava.import.generatesMetadataFilesAtProjectRoot=false -DDetectVMInstallationsJob.disabled=true -Dfile.encoding=utf8 -XX:+UseParallelGC -XX:GCTimeRatio=4 -XX:AdaptiveSizePolicyWeight=90 -Dsun.zip.disableMemoryMapping=true -Xmx1G -Xms100m -Xlog:disable -javaagent:c:\Users\USER\.vscode\extensions\redhat.java-1.28.1-win32-x64\lombok\lombok-1.18.31.jar -XX:+HeapDumpOnOutOfMemoryError -XX:HeapDumpPath=c:\Users\USER\AppData\Roaming\Code\User\workspaceStorage\8c7e46259c1c014f1fdc168345309c3a\redhat.java -Daether.dependencyCollector.impl=bf c:\Users\USER\.vscode\extensions\redhat.java-1.28.1-win32-x64\server\plugins\org.eclipse.equinox.launcher_1.6.700.v20231214-2017.jar -configuration c:\Users\USER\AppData\Roaming\Code\User\globalStorage\redhat.java\1.28.1\config_win -data c:\Users\USER\AppData\Roaming\Code\User\workspaceStorage\8c7e46259c1c014f1fdc168345309c3a\redhat.java\jdt_ws --stdio

Host: 12th Gen Intel(R) Core(TM) i7-12700K, 20 cores, 31G,  Windows 11 , 64 bit Build 22000 (10.0.22000.2360)
Time: Thu Feb 22 14:11:10 2024  Windows 11 , 64 bit Build 22000 (10.0.22000.2360) elapsed time: 80.524136 seconds (0d 0h 1m 20s)

---------------  T H R E A D  ---------------

Current thread (0x000002bda212d2a0):  GCTaskThread "GC Thread#1" [stack: 0x000000de60900000,0x000000de60a00000] [id=28776]

Stack: [0x000000de60900000,0x000000de60a00000],  sp=0x000000de609ffba8,  free space=1022k
Native frames: (J=compiled Java code, j=interpreted, Vv=VM code, C=native code)
V  [jvm.dll+0xcac8]


siginfo: EXCEPTION_ACCESS_VIOLATION (0xc0000005), reading address 0x0000000003b00398


Registers:
RAX=0x0000000000000001, RBX=0x00000000cfccb0c8, RCX=0x0000000000000003, RDX=0x00000000cfccb0c8
RSP=0x000000de609ffba8, RBP=0x000002bd99f858e0, RSI=0x000000000000001c, RDI=0x00000000d090a6dc
R8 =0x0000000003b00390, R9 =0x0000000000002236, R10=0x00000000cfbdb160, R11=0x00000000000001f7
R12=0x000000de5f5fefb8, R13=0x0000000000000010, R14=0x00000000d090c038, R15=0x0000000000000008
RIP=0x00007ffdc01acac8, EFLAGS=0x0000000000010206


Register to memory mapping:

RIP=0x00007ffdc01acac8 jvm.dll
RAX=0x0000000000000001 is an unknown value
RBX=0x00000000cfccb0c8 is pointing into object: [C 
{0x00000000cfccb0a0} - klass: {type array char}
 - length: 65
RCX=0x0000000000000003 is an unknown value
RDX=0x00000000cfccb0c8 is pointing into object: [C 
{0x00000000cfccb0a0} - klass: {type array char}
 - length: 65
RSP=0x000000de609ffba8 points into unknown readable memory: 0x00007ffdc0858bd8 | d8 8b 85 c0 fd 7f 00 00
RBP=0x000002bd99f858e0 points into unknown readable memory: 0x000002bd8619df70 | 70 df 19 86 bd 02 00 00
RSI=0x000000000000001c is an unknown value
RDI=0x00000000d090a6dc is pointing into object: [[C 
{0x00000000d08da028} - klass: {type array char}[]
 - length: 110589
R8 =0x0000000003b00390 is an unknown value
R9 =0x0000000000002236 is an unknown value
R10=0x00000000cfbdb160 is an oop: [C 
{0x00000000cfbdb160} - klass: {type array char}
 - length: 103
R11=0x00000000000001f7 is an unknown value
R12=0x000000de5f5fefb8 points into unknown readable memory: 0x000000000000000f | 0f 00 00 00 00 00 00 00
R13=0x0000000000000010 is an unknown value
R14=0x00000000d090c038 is pointing into object: [[C 
{0x00000000d08da028} - klass: {type array char}[]
 - length: 110589
R15=0x0000000000000008 is an unknown value


Top of Stack: (sp=0x000000de609ffba8)
0x000000de609ffba8:   00007ffdc0858bd8 00000000cfbdb160
0x000000de609ffbb8:   00000000d090a6c8 000002bd99f858e0
0x000000de609ffbc8:   000000000000000c 00000000d08da028
0x000000de609ffbd8:   000000de0000c000 00007ffdc0b51948
0x000000de609ffbe8:   000000de5f5fee70 0000000000000000
0x000000de609ffbf8:   0000000000000000 0000000000000008
0x000000de609ffc08:   000000de5f5fefb0 000000de5f5fef78
0x000000de609ffc18:   000000de5f5fee70 000000de5f5fee70
0x000000de609ffc28:   00007ffdc0859cfa 0000000000000005
0x000000de609ffc38:   000000de609ffcb0 0000000000000000
0x000000de609ffc48:   000002bda212d2a0 000000de5f5ff210
0x000000de609ffc58:   000002bd9f5ebd50 0000000800000002
0x000000de609ffc68:   000002bd99f858e0 00007ffdc0b51948
0x000000de609ffc78:   000002bd99f858e0 00007ffdc0b51b50
0x000000de609ffc88:   0000000000000008 0000000000000000
0x000000de609ffc98:   0000000000000000 0000000000000000
0x000000de609ffca8:   000066124f2eae95 0000000000000000
0x000000de609ffcb8:   000002bda212d2a0 0000000000000000
0x000000de609ffcc8:   0000000000000000 000000de5f5fee70
0x000000de609ffcd8:   000002bda212d2a0 0000000000000000
0x000000de609ffce8:   00007ffdc0a0226b 0000000000000009
0x000000de609ffcf8:   0000000000000000 0000000000000009
0x000000de609ffd08:   000000de5f5fee70 00000000000075a3
0x000000de609ffd18:   00007ffdc0a022b6 000002bda212d2a0
0x000000de609ffd28:   000000deffffffff 000002bd860e93a0
0x000000de609ffd38:   0000000000000000 000002bda212d2a0
0x000000de609ffd48:   00007ffdc0983fba 0000000000000000
0x000000de609ffd58:   00000000000075a3 000002bda212d2a0
0x000000de609ffd68:   00007ffe2d4ec98b 0000000000000000
0x000000de609ffd78:   0000000000000000 0000000000000000
0x000000de609ffd88:   00007ffdc081c1b5 000002bda212d2a0
0x000000de609ffd98:   0000000000000000 0000000000000000 

Instructions: (pc=0x00007ffdc01acac8)
0x00007ffdc01ac9c8:   48 83 c4 20 5e c3 cc cc 48 8b 01 c3 cc cc cc cc
0x00007ffdc01ac9d8:   cc cc cc cc cc cc cc cc 4c 8b 01 4c 8b c9 48 8b
0x00007ffdc01ac9e8:   0d e3 60 b6 00 ba 44 60 08 00 e9 d9 f1 ff ff cc
0x00007ffdc01ac9f8:   cc cc cc cc cc cc cc cc 48 89 5c 24 08 57 48 83
0x00007ffdc01aca08:   ec 20 48 8b 39 48 8b d9 48 85 3d 01 4a bb 00 75
0x00007ffdc01aca18:   0e 48 8b c7 48 8b 5c 24 30 48 83 c4 20 5f c3 48
0x00007ffdc01aca28:   8b cf e8 41 98 85 00 48 8b d0 48 85 c0 74 20 48
0x00007ffdc01aca38:   8b c7 f0 48 0f b1 13 74 16 48 85 05 d0 49 bb 00
0x00007ffdc01aca48:   74 0d 48 8b c8 f0 48 0f b1 13 48 3b c1 75 ea 48
0x00007ffdc01aca58:   8b 5c 24 30 48 8b c2 48 83 c4 20 5f c3 cc cc cc
0x00007ffdc01aca68:   cc cc cc cc cc cc cc cc 4c 8b 01 4c 8b c9 48 8b
0x00007ffdc01aca78:   0d 53 60 b6 00 ba 64 60 08 00 e9 49 f1 ff ff cc
0x00007ffdc01aca88:   cc cc cc cc cc cc cc cc 8b 05 62 a8 b0 00 c3 cc
0x00007ffdc01aca98:   cc cc cc cc cc cc cc cc 0f b6 05 db 68 b7 00 48
0x00007ffdc01acaa8:   8b d1 84 c0 74 16 44 8b 41 08 8b 0d 40 a8 b0 00
0x00007ffdc01acab8:   49 d3 e0 4c 03 05 2e a8 b0 00 eb 04 4c 8b 41 08
0x00007ffdc01acac8:   45 8b 50 08 45 85 d2 7e 0e 41 f6 c2 01 75 53 41
0x00007ffdc01acad8:   c1 fa 03 41 8b c2 c3 79 49 84 c0 b9 10 00 00 00
0x00007ffdc01acae8:   8b 05 46 b7 b0 00 41 b8 0c 00 00 00 41 0f 45 c8
0x00007ffdc01acaf8:   ff c8 4c 63 c8 48 63 14 11 41 8b ca 83 e1 3f 48
0x00007ffdc01acb08:   d3 e2 41 8b ca 48 c1 f9 10 0f b6 c1 49 8d 0c 11
0x00007ffdc01acb18:   49 f7 d1 48 03 c1 49 c1 e9 03 48 c1 e8 03 41 23
0x00007ffdc01acb28:   c1 c3 49 8b 00 49 8b c8 48 ff a0 00 01 00 00 cc
0x00007ffdc01acb38:   cc cc cc cc cc cc cc cc 8b 44 24 30 45 03 c9 44
0x00007ffdc01acb48:   2b 4c 24 28 83 c0 0b 44 03 ca 45 03 c8 41 03 c1
0x00007ffdc01acb58:   c3 cc cc cc cc cc cc cc 4c 8b ca 48 8b d1 45 8b
0x00007ffdc01acb68:   41 08 45 85 c0 7e 0e 41 f6 c0 01 75 56 41 c1 f8
0x00007ffdc01acb78:   03 41 8b c0 c3 79 4c 80 3d fc 67 b7 00 00 b8 0c
0x00007ffdc01acb88:   00 00 00 b9 10 00 00 00 0f 45 c8 8b 05 9b b6 b0
0x00007ffdc01acb98:   00 ff c8 4c 63 c8 48 63 14 11 41 8b c8 83 e1 3f
0x00007ffdc01acba8:   48 d3 e2 41 8b c8 48 c1 f9 10 0f b6 c1 49 8d 0c
0x00007ffdc01acbb8:   11 49 f7 d1 48 03 c1 49 c1 e9 03 48 c1 e8 03 41 


Stack slot to memory mapping:
stack at sp + 0 slots: 0x00007ffdc0858bd8 jvm.dll
stack at sp + 1 slots: 0x00000000cfbdb160 is an oop: [C 
{0x00000000cfbdb160} - klass: {type array char}
 - length: 103
stack at sp + 2 slots: 0x00000000d090a6c8 is pointing into object: [[C 
{0x00000000d08da028} - klass: {type array char}[]
 - length: 110589
stack at sp + 3 slots: 0x000002bd99f858e0 points into unknown readable memory: 0x000002bd8619df70 | 70 df 19 86 bd 02 00 00
stack at sp + 4 slots: 0x000000000000000c is an unknown value
stack at sp + 5 slots: 0x00000000d08da028 is an oop: [[C 
{0x00000000d08da028} - klass: {type array char}[]
 - length: 110589
stack at sp + 6 slots: 0x000000de0000c000 is an unknown value
stack at sp + 7 slots: 0x00007ffdc0b51948 jvm.dll


---------------  P R O C E S S  ---------------

Threads class SMR info:
_java_thread_list=0x000002bda4bd5850, length=58, elements={
0x000002bd860ec080, 0x000002bd99f8be10, 0x000002bd99f8d340, 0x000002bd861ae0c0,
0x000002bd9f35fff0, 0x000002bd9f360b80, 0x000002bd9f361e40, 0x000002bd9f39def0,
0x000002bd9f3c4440, 0x000002bd9f413d60, 0x000002bd86150690, 0x000002bda18b27c0,
0x000002bda1f3bb50, 0x000002bda22f3f70, 0x000002bda22d4470, 0x000002bda2848cd0,
0x000002bda23af5a0, 0x000002bda2b78fa0, 0x000002bda2b77b60, 0x000002bda2b7a3e0,
0x000002bda2b78070, 0x000002bda2b794b0, 0x000002bda2b7a8f0, 0x000002bda2b77140,
0x000002bda2b78580, 0x000002bda2b79ed0, 0x000002bda2b78a90, 0x000002bda36afa70,
0x000002bda36b22f0, 0x000002bda36aff80, 0x000002bda36aeb40, 0x000002bda36b1de0,
0x000002bda36b4660, 0x000002bda36b0490, 0x000002bda36b5080, 0x000002bda36b0eb0,
0x000002bda36b4b70, 0x000002bda3950ab0, 0x000002bda3953840, 0x000002bda3953d50,
0x000002bda394fb80, 0x000002bda3954260, 0x000002bda3954c80, 0x000002bda3952e20,
0x000002bda3951ef0, 0x000002bda3953330, 0x000002bda3950fc0, 0x000002bda3952400,
0x000002bda39560c0, 0x000002bda3956ae0, 0x000002bda48094d0, 0x000002bda48074f0,
0x000002bda4809f70, 0x000002bda480cf40, 0x000002bda480d490, 0x000002bda480d9e0,
0x000002bda480b4b0, 0x000002bda4807f90
}

Java Threads: ( => current thread )
  0x000002bd860ec080 JavaThread "main" [_thread_blocked, id=7912, stack(0x000000de5f300000,0x000000de5f400000)]
  0x000002bd99f8be10 JavaThread "Reference Handler" daemon [_thread_blocked, id=18600, stack(0x000000de5f600000,0x000000de5f700000)]
  0x000002bd99f8d340 JavaThread "Finalizer" daemon [_thread_blocked, id=6744, stack(0x000000de5f700000,0x000000de5f800000)]
  0x000002bd861ae0c0 JavaThread "Signal Dispatcher" daemon [_thread_blocked, id=20856, stack(0x000000de5f800000,0x000000de5f900000)]
  0x000002bd9f35fff0 JavaThread "Attach Listener" daemon [_thread_blocked, id=9772, stack(0x000000de5f900000,0x000000de5fa00000)]
  0x000002bd9f360b80 JavaThread "Service Thread" daemon [_thread_blocked, id=6848, stack(0x000000de5fa00000,0x000000de5fb00000)]
  0x000002bd9f361e40 JavaThread "Monitor Deflation Thread" daemon [_thread_blocked, id=25076, stack(0x000000de5fb00000,0x000000de5fc00000)]
  0x000002bd9f39def0 JavaThread "C2 CompilerThread0" daemon [_thread_blocked, id=28956, stack(0x000000de5fc00000,0x000000de5fd00000)]
  0x000002bd9f3c4440 JavaThread "C1 CompilerThread0" daemon [_thread_blocked, id=17936, stack(0x000000de5fd00000,0x000000de5fe00000)]
  0x000002bd9f413d60 JavaThread "Sweeper thread" daemon [_thread_blocked, id=24304, stack(0x000000de5fe00000,0x000000de5ff00000)]
  0x000002bd86150690 JavaThread "Common-Cleaner" daemon [_thread_blocked, id=15528, stack(0x000000de5ff00000,0x000000de60000000)]
  0x000002bda18b27c0 JavaThread "Notification Thread" daemon [_thread_blocked, id=8164, stack(0x000000de60500000,0x000000de60600000)]
  0x000002bda1f3bb50 JavaThread "Active Thread: Equinox Container: 15d81d84-1f49-4e04-9de6-023364a8e59e" [_thread_blocked, id=23192, stack(0x000000de60e00000,0x000000de60f00000)]
  0x000002bda22f3f70 JavaThread "Framework Event Dispatcher: Equinox Container: 15d81d84-1f49-4e04-9de6-023364a8e59e" daemon [_thread_blocked, id=27960, stack(0x000000de60f00000,0x000000de61000000)]
  0x000002bda22d4470 JavaThread "Start Level: Equinox Container: 15d81d84-1f49-4e04-9de6-023364a8e59e" daemon [_thread_blocked, id=29416, stack(0x000000de61000000,0x000000de61100000)]
  0x000002bda2848cd0 JavaThread "Bundle File Closer" daemon [_thread_blocked, id=19052, stack(0x000000de61300000,0x000000de61400000)]
  0x000002bda23af5a0 JavaThread "SCR Component Actor" daemon [_thread_blocked, id=19872, stack(0x000000de61600000,0x000000de61700000)]
  0x000002bda2b78fa0 JavaThread "Worker-JM" [_thread_blocked, id=24728, stack(0x000000de61900000,0x000000de61a00000)]
  0x000002bda2b77b60 JavaThread "Worker-0: Initialize workspace" [_thread_blocked, id=9536, stack(0x000000de61b00000,0x000000de61c00000)]
  0x000002bda2b7a3e0 JavaThread "Worker-1" [_thread_blocked, id=11520, stack(0x000000de61c00000,0x000000de61d00000)]
  0x000002bda2b78070 JavaThread "Java indexing" daemon [_thread_blocked, id=22832, stack(0x000000de62000000,0x000000de62100000)]
  0x000002bda2b794b0 JavaThread "Worker-2" [_thread_blocked, id=20160, stack(0x000000de62100000,0x000000de62200000)]
  0x000002bda2b7a8f0 JavaThread "JNA Cleaner" daemon [_thread_blocked, id=24992, stack(0x000000de62200000,0x000000de62300000)]
  0x000002bda2b77140 JavaThread "pool-2-thread-1" [_thread_blocked, id=14136, stack(0x000000de62500000,0x000000de62600000)]
  0x000002bda2b78580 JavaThread "WorkspaceEventsHandler" [_thread_blocked, id=14696, stack(0x000000de62600000,0x000000de62700000)]
  0x000002bda2b79ed0 JavaThread "pool-1-thread-1" [_thread_blocked, id=16892, stack(0x000000de62700000,0x000000de62800000)]
  0x000002bda2b78a90 JavaThread "pool-3-thread-1" [_thread_in_native, id=19748, stack(0x000000de62b00000,0x000000de62c00000)]
  0x000002bda36afa70 JavaThread "Worker-4: Refreshing workspace" [_thread_blocked, id=4040, stack(0x000000de60200000,0x000000de60300000)]
  0x000002bda36b22f0 JavaThread "Worker-5" [_thread_blocked, id=27352, stack(0x000000de60300000,0x000000de60400000)]
  0x000002bda36aff80 JavaThread "Worker-6" [_thread_blocked, id=8020, stack(0x000000de60400000,0x000000de60500000)]
  0x000002bda36aeb40 JavaThread "ForkJoinPool.commonPool-worker-1" daemon [_thread_blocked, id=16504, stack(0x000000de60700000,0x000000de60800000)]
  0x000002bda36b1de0 JavaThread "Worker-7" [_thread_blocked, id=4320, stack(0x000000de62800000,0x000000de62900000)]
  0x000002bda36b4660 JavaThread "ForkJoinPool.commonPool-worker-2" daemon [_thread_blocked, id=9844, stack(0x000000de62d00000,0x000000de62e00000)]
  0x000002bda36b0490 JavaThread "ForkJoinPool.commonPool-worker-3" daemon [_thread_blocked, id=9684, stack(0x000000de62e00000,0x000000de62f00000)]
  0x000002bda36b5080 JavaThread "ForkJoinPool.commonPool-worker-4" daemon [_thread_blocked, id=21128, stack(0x000000de62f00000,0x000000de63000000)]
  0x000002bda36b0eb0 JavaThread "ForkJoinPool.commonPool-worker-5" daemon [_thread_blocked, id=24668, stack(0x000000de63000000,0x000000de63100000)]
  0x000002bda36b4b70 JavaThread "ForkJoinPool.commonPool-worker-6" daemon [_thread_blocked, id=21720, stack(0x000000de63100000,0x000000de63200000)]
  0x000002bda3950ab0 JavaThread "ForkJoinPool.commonPool-worker-7" daemon [_thread_blocked, id=22504, stack(0x000000de64100000,0x000000de64200000)]
  0x000002bda3953840 JavaThread "ForkJoinPool.commonPool-worker-8" daemon [_thread_blocked, id=26308, stack(0x000000de64200000,0x000000de64300000)]
  0x000002bda3953d50 JavaThread "ForkJoinPool.commonPool-worker-9" daemon [_thread_blocked, id=21308, stack(0x000000de64300000,0x000000de64400000)]
  0x000002bda394fb80 JavaThread "ForkJoinPool.commonPool-worker-10" daemon [_thread_blocked, id=16680, stack(0x000000de64400000,0x000000de64500000)]
  0x000002bda3954260 JavaThread "ForkJoinPool.commonPool-worker-11" daemon [_thread_blocked, id=3080, stack(0x000000de64500000,0x000000de64600000)]
  0x000002bda3954c80 JavaThread "ForkJoinPool.commonPool-worker-12" daemon [_thread_blocked, id=23936, stack(0x000000de64600000,0x000000de64700000)]
  0x000002bda3952e20 JavaThread "ForkJoinPool.commonPool-worker-13" daemon [_thread_blocked, id=21668, stack(0x000000de63300000,0x000000de63400000)]
  0x000002bda3951ef0 JavaThread "ForkJoinPool.commonPool-worker-14" daemon [_thread_blocked, id=18800, stack(0x000000de63200000,0x000000de63300000)]
  0x000002bda3953330 JavaThread "ForkJoinPool.commonPool-worker-15" daemon [_thread_blocked, id=9736, stack(0x000000de63400000,0x000000de63500000)]
  0x000002bda3950fc0 JavaThread "ForkJoinPool.commonPool-worker-16" daemon [_thread_blocked, id=18428, stack(0x000000de63500000,0x000000de63600000)]
  0x000002bda3952400 JavaThread "ForkJoinPool.commonPool-worker-17" daemon [_thread_blocked, id=11068, stack(0x000000de62c00000,0x000000de62d00000)]
  0x000002bda39560c0 JavaThread "ForkJoinPool.commonPool-worker-18" daemon [_thread_blocked, id=26056, stack(0x000000de60800000,0x000000de60900000)]
  0x000002bda3956ae0 JavaThread "ForkJoinPool.commonPool-worker-19" daemon [_thread_blocked, id=29508, stack(0x000000de5f200000,0x000000de5f300000)]
  0x000002bda48094d0 JavaThread "C2 CompilerThread1" daemon [_thread_in_native, id=21396, stack(0x000000de5f000000,0x000000de5f100000)]
  0x000002bda48074f0 JavaThread "C2 CompilerThread2" daemon [_thread_blocked, id=27428, stack(0x000000de5f100000,0x000000de5f200000)]
  0x000002bda4809f70 JavaThread "C2 CompilerThread3" daemon [_thread_blocked, id=18580, stack(0x000000de60000000,0x000000de60100000)]
  0x000002bda480cf40 JavaThread "C2 CompilerThread4" daemon [_thread_blocked, id=9760, stack(0x000000de60100000,0x000000de60200000)]
  0x000002bda480d490 JavaThread "C2 CompilerThread5" daemon [_thread_blocked, id=29136, stack(0x000000de61700000,0x000000de61800000)]
  0x000002bda480d9e0 JavaThread "C2 CompilerThread6" daemon [_thread_blocked, id=25636, stack(0x000000de62900000,0x000000de62a00000)]
  0x000002bda480b4b0 JavaThread "C2 CompilerThread7" daemon [_thread_blocked, id=25828, stack(0x000000de62a00000,0x000000de62b00000)]
  0x000002bda4807f90 JavaThread "C1 CompilerThread1" daemon [_thread_blocked, id=20004, stack(0x000000de63600000,0x000000de63700000)]

Other Threads:
  0x000002bd86177c10 VMThread "VM Thread" [stack: 0x000000de5f500000,0x000000de5f600000] [id=29636]
  0x000002bda18b2ca0 WatcherThread [stack: 0x000000de60600000,0x000000de60700000] [id=26108]
  0x000002bd86105810 GCTaskThread "GC Thread#0" [stack: 0x000000de5f400000,0x000000de5f500000] [id=14104]
=>0x000002bda212d2a0 GCTaskThread "GC Thread#1" [stack: 0x000000de60900000,0x000000de60a00000] [id=28776]
  0x000002bda217d040 GCTaskThread "GC Thread#2" [stack: 0x000000de60a00000,0x000000de60b00000] [id=16648]
  0x000002bda217d300 GCTaskThread "GC Thread#3" [stack: 0x000000de60b00000,0x000000de60c00000] [id=5032]
  0x000002bda217d5c0 GCTaskThread "GC Thread#4" [stack: 0x000000de60c00000,0x000000de60d00000] [id=10628]
  0x000002bda217d880 GCTaskThread "GC Thread#5" [stack: 0x000000de60d00000,0x000000de60e00000] [id=17412]
  0x000002bda2446c40 GCTaskThread "GC Thread#6" [stack: 0x000000de61100000,0x000000de61200000] [id=4056]
  0x000002bda1fab520 GCTaskThread "GC Thread#7" [stack: 0x000000de61200000,0x000000de61300000] [id=9024]
  0x000002bda278c190 GCTaskThread "GC Thread#8" [stack: 0x000000de61400000,0x000000de61500000] [id=17788]
  0x000002bda2ba0180 GCTaskThread "GC Thread#9" [stack: 0x000000de61500000,0x000000de61600000] [id=2684]
  0x000002bda292f870 GCTaskThread "GC Thread#10" [stack: 0x000000de61800000,0x000000de61900000] [id=26176]
  0x000002bda26b8750 GCTaskThread "GC Thread#11" [stack: 0x000000de61a00000,0x000000de61b00000] [id=10164]
  0x000002bda22328c0 GCTaskThread "GC Thread#12" [stack: 0x000000de61d00000,0x000000de61e00000] [id=15936]
  0x000002bda269ac50 GCTaskThread "GC Thread#13" [stack: 0x000000de61e00000,0x000000de61f00000] [id=13920]
  0x000002bda269af10 GCTaskThread "GC Thread#14" [stack: 0x000000de61f00000,0x000000de62000000] [id=2640]

Threads with active compile tasks:
C2 CompilerThread0    80547 14530       4       org.eclipse.jdt.internal.compiler.lookup.LookupEnvironment::computePackageFrom (528 bytes)
C2 CompilerThread1    80547 14516   !   4       org.eclipse.jdt.internal.core.ClassFile::existsUsingJarTypeCache (162 bytes)
C2 CompilerThread2    80547 14549   !   4       lombok.core.AST::buildWithField0 (121 bytes)
C2 CompilerThread3    80547 14569       4       org.jsoup.parser.CharacterReader::cacheString (111 bytes)
C2 CompilerThread4    80547 14543   !   4       org.eclipse.jdt.internal.compiler.parser.Scanner::getNextToken0 (2518 bytes)
C2 CompilerThread5    80547 14550       4       lombok.eclipse.EclipseAST::buildTypeUse (294 bytes)
C2 CompilerThread6    80547 14561   !   4       org.eclipse.jdt.internal.core.SearchableEnvironment::find (389 bytes)
C2 CompilerThread7    80547 14526       4       org.eclipse.jdt.internal.compiler.lookup.ModuleBinding::getVisiblePackage (440 bytes)

VM state: at safepoint (normal execution)

VM Mutex/Monitor currently owned by a thread:  ([mutex/lock_event])
[0x000002bd860e8080] Threads_lock - owner thread: 0x000002bd86177c10
[0x000002bd860e8110] Heap_lock - owner thread: 0x000002bda3953330

Heap address: 0x00000000c0000000, size: 1024 MB, Compressed Oops mode: 32-bit

CDS archive(s) not mapped
Compressed class space mapped at: 0x0000000100000000-0x0000000140000000, reserved size: 1073741824
Narrow klass base: 0x0000000000000000, Narrow klass shift: 3, Narrow klass range: 0x140000000

GC Precious Log:
 CPUs: 20 total, 20 available
 Memory: 32541M
 Large Page Support: Disabled
 NUMA Support: Disabled
 Compressed Oops: Enabled (32-bit)
 Alignments: Space 512K, Generation 512K, Heap 2M
 Heap Min Capacity: 100M
 Heap Initial Capacity: 100M
 Heap Max Capacity: 1G
 Pre-touch: Disabled
 Parallel Workers: 15

Heap:
 PSYoungGen      total 3584K, used 480K [0x00000000eab00000, 0x00000000eaf80000, 0x0000000100000000)
  eden space 2560K, 0% used [0x00000000eab00000,0x00000000eab00000,0x00000000ead80000)
  from space 1024K, 46% used [0x00000000ead80000,0x00000000eadf8000,0x00000000eae80000)
  to   space 1024K, 0% used [0x00000000eae80000,0x00000000eae80000,0x00000000eaf80000)
 ParOldGen       total 314368K, used 313856K [0x00000000c0000000, 0x00000000d3300000, 0x00000000eab00000)
  object space 314368K, 99% used [0x00000000c0000000,0x00000000d3280090,0x00000000d3300000)
 Metaspace       used 76693K, committed 77888K, reserved 1179648K
  class space    used 7843K, committed 8384K, reserved 1048576K

Card table byte_map: [0x000002bd85a90000,0x000002bd85ca0000] _byte_map_base: 0x000002bd85490000

Marking Bits: (ParMarkBitMap*) 0x00007ffdc0d3d7d0
 Begin Bits: [0x000002bd97d90000, 0x000002bd98d90000)
 End Bits:   [0x000002bd98d90000, 0x000002bd99d90000)

Polling page: 0x000002bd83fa0000

Metaspace:

Usage:
  Non-class:     67.24 MB used.
      Class:      7.66 MB used.
       Both:     74.90 MB used.

Virtual space:
  Non-class space:      128.00 MB reserved,      67.88 MB ( 53%) committed,  2 nodes.
      Class space:        1.00 GB reserved,       8.19 MB ( <1%) committed,  1 nodes.
             Both:        1.12 GB reserved,      76.06 MB (  7%) committed. 

Chunk freelists:
   Non-Class:  11.64 MB
       Class:  7.79 MB
        Both:  19.43 MB

MaxMetaspaceSize: unlimited
CompressedClassSpaceSize: 1.00 GB
Initial GC threshold: 21.00 MB
Current GC threshold: 122.94 MB
CDS: off
MetaspaceReclaimPolicy: balanced
 - commit_granule_bytes: 65536.
 - commit_granule_words: 8192.
 - virtual_space_node_default_size: 8388608.
 - enlarge_chunks_in_place: 1.
 - new_chunks_are_fully_committed: 0.
 - uncommit_free_chunks: 1.
 - use_allocation_guard: 0.
 - handle_deallocations: 1.


Internal statistics:

num_allocs_failed_limit: 6.
num_arena_births: 800.
num_arena_deaths: 14.
num_vsnodes_births: 3.
num_vsnodes_deaths: 0.
num_space_committed: 1217.
num_space_uncommitted: 0.
num_chunks_returned_to_freelist: 20.
num_chunks_taken_from_freelist: 3918.
num_chunk_merges: 8.
num_chunk_splits: 2463.
num_chunks_enlarged: 1519.
num_inconsistent_stats: 0.

CodeHeap 'non-profiled nmethods': size=119168Kb used=10385Kb max_used=12157Kb free=108782Kb
 bounds [0x000002bd90930000, 0x000002bd91520000, 0x000002bd97d90000]
CodeHeap 'profiled nmethods': size=119104Kb used=23301Kb max_used=24595Kb free=95802Kb
 bounds [0x000002bd88d90000, 0x000002bd8a5a0000, 0x000002bd901e0000]
CodeHeap 'non-nmethods': size=7488Kb used=1950Kb max_used=3199Kb free=5537Kb
 bounds [0x000002bd901e0000, 0x000002bd90510000, 0x000002bd90930000]
 total_blobs=11754 nmethods=11019 adapters=644
 compilation: enabled
              stopped_count=0, restarted_count=0
 full_count=0

Compilation events (20 events):
Event: 80.500 Thread 0x000002bda4807f90 14575       3       java.util.regex.Pattern$Ques::match (196 bytes)
Event: 80.501 Thread 0x000002bda4807f90 nmethod 14575 0x000002bd8a1d8290 code [0x000002bd8a1d8520, 0x000002bd8a1d9278]
Event: 80.504 Thread 0x000002bda4807f90 14576       3       org.eclipse.jdt.internal.core.JavaProject::getModuleDescription (234 bytes)
Event: 80.504 Thread 0x000002bd9f3c4440 14577       3       org.eclipse.core.internal.resources.Resource::isAccessible (5 bytes)
Event: 80.505 Thread 0x000002bda4807f90 nmethod 14576 0x000002bd89b70590 code [0x000002bd89b708e0, 0x000002bd89b72098]
Event: 80.505 Thread 0x000002bd9f3c4440 nmethod 14577 0x000002bd89901c10 code [0x000002bd89901de0, 0x000002bd89902438]
Event: 80.505 Thread 0x000002bda4807f90 14578       3       org.eclipse.jdt.internal.core.util.Util::splitOn (134 bytes)
Event: 80.506 Thread 0x000002bda4807f90 nmethod 14578 0x000002bd89ddc490 code [0x000002bd89ddc780, 0x000002bd89dddb18]
Event: 80.506 Thread 0x000002bda4809f70 nmethod 14538% 0x000002bd90dc3190 code [0x000002bd90dc3460, 0x000002bd90dc6668]
Event: 80.506 Thread 0x000002bda4807f90 14579   !   3       org.eclipse.jdt.internal.core.NameLookup::acceptType (147 bytes)
Event: 80.506 Thread 0x000002bd9f3c4440 14580       3       org.eclipse.jdt.internal.compiler.parser.SourceTypeConverter::convertAnnotations (151 bytes)
Event: 80.507 Thread 0x000002bda4807f90 nmethod 14579 0x000002bd8968f010 code [0x000002bd8968f2c0, 0x000002bd89690288]
Event: 80.507 Thread 0x000002bda4807f90 14581   !   3       lombok.launch.PatchFixesHider$PatchFixes::convertAnnotations (215 bytes)
Event: 80.507 Thread 0x000002bd9f3c4440 nmethod 14580 0x000002bd8a2c8590 code [0x000002bd8a2c87e0, 0x000002bd8a2c94a8]
Event: 80.507 Thread 0x000002bda4809f70 14569       4       org.jsoup.parser.CharacterReader::cacheString (111 bytes)
Event: 80.508 Thread 0x000002bd9f3c4440 14582       3       org.eclipse.jdt.internal.compiler.util.SimpleSetOfCharArray::asArray (69 bytes)
Event: 80.508 Thread 0x000002bd9f3c4440 nmethod 14582 0x000002bd896a0490 code [0x000002bd896a0660, 0x000002bd896a0b08]
Event: 80.508 Thread 0x000002bda4807f90 nmethod 14581 0x000002bd89f7a510 code [0x000002bd89f7a7e0, 0x000002bd89f7b9a8]
Event: 80.509 Thread 0x000002bda4807f90 14583   !   3       org.eclipse.jdt.internal.compiler.lookup.BinaryTypeBinding::hasValueBasedTypeAnnotation (108 bytes)
Event: 80.510 Thread 0x000002bda4807f90 nmethod 14583 0x000002bd88eb6f10 code [0x000002bd88eb70e0, 0x000002bd88eb75b8]

GC Heap History (20 events):
Event: 80.460 GC heap after
{Heap after GC invocations=648 (full 13):
 PSYoungGen      total 3584K, used 544K [0x00000000eab00000, 0x00000000eaf80000, 0x0000000100000000)
  eden space 2560K, 0% used [0x00000000eab00000,0x00000000eab00000,0x00000000ead80000)
  from space 1024K, 53% used [0x00000000eae80000,0x00000000eaf08000,0x00000000eaf80000)
  to   space 1024K, 0% used [0x00000000ead80000,0x00000000ead80000,0x00000000eae80000)
 ParOldGen       total 313856K, used 312307K [0x00000000c0000000, 0x00000000d3280000, 0x00000000eab00000)
  object space 313856K, 99% used [0x00000000c0000000,0x00000000d30fcdc8,0x00000000d3280000)
 Metaspace       used 76644K, committed 77888K, reserved 1179648K
  class space    used 7841K, committed 8384K, reserved 1048576K
}
Event: 80.465 GC heap before
{Heap before GC invocations=649 (full 13):
 PSYoungGen      total 3584K, used 3104K [0x00000000eab00000, 0x00000000eaf80000, 0x0000000100000000)
  eden space 2560K, 100% used [0x00000000eab00000,0x00000000ead80000,0x00000000ead80000)
  from space 1024K, 53% used [0x00000000eae80000,0x00000000eaf08000,0x00000000eaf80000)
  to   space 1024K, 0% used [0x00000000ead80000,0x00000000ead80000,0x00000000eae80000)
 ParOldGen       total 313856K, used 312307K [0x00000000c0000000, 0x00000000d3280000, 0x00000000eab00000)
  object space 313856K, 99% used [0x00000000c0000000,0x00000000d30fcdc8,0x00000000d3280000)
 Metaspace       used 76658K, committed 77888K, reserved 1179648K
  class space    used 7841K, committed 8384K, reserved 1048576K
}
Event: 80.465 GC heap after
{Heap after GC invocations=649 (full 13):
 PSYoungGen      total 3584K, used 491K [0x00000000eab00000, 0x00000000eaf00000, 0x0000000100000000)
  eden space 2560K, 0% used [0x00000000eab00000,0x00000000eab00000,0x00000000ead80000)
  from space 1024K, 47% used [0x00000000ead80000,0x00000000eadfac78,0x00000000eae80000)
  to   space 512K, 0% used [0x00000000eae80000,0x00000000eae80000,0x00000000eaf00000)
 ParOldGen       total 313856K, used 312331K [0x00000000c0000000, 0x00000000d3280000, 0x00000000eab00000)
  object space 313856K, 99% used [0x00000000c0000000,0x00000000d3102dc8,0x00000000d3280000)
 Metaspace       used 76658K, committed 77888K, reserved 1179648K
  class space    used 7841K, committed 8384K, reserved 1048576K
}
Event: 80.468 GC heap before
{Heap before GC invocations=650 (full 13):
 PSYoungGen      total 3584K, used 3051K [0x00000000eab00000, 0x00000000eaf00000, 0x0000000100000000)
  eden space 2560K, 99% used [0x00000000eab00000,0x00000000ead7ffe0,0x00000000ead80000)
  from space 1024K, 47% used [0x00000000ead80000,0x00000000eadfac78,0x00000000eae80000)
  to   space 512K, 0% used [0x00000000eae80000,0x00000000eae80000,0x00000000eaf00000)
 ParOldGen       total 313856K, used 312331K [0x00000000c0000000, 0x00000000d3280000, 0x00000000eab00000)
  object space 313856K, 99% used [0x00000000c0000000,0x00000000d3102dc8,0x00000000d3280000)
 Metaspace       used 76658K, committed 77888K, reserved 1179648K
  class space    used 7841K, committed 8384K, reserved 1048576K
}
Event: 80.469 GC heap after
{Heap after GC invocations=650 (full 13):
 PSYoungGen      total 3072K, used 480K [0x00000000eab00000, 0x00000000eaf00000, 0x0000000100000000)
  eden space 2560K, 0% used [0x00000000eab00000,0x00000000eab00000,0x00000000ead80000)
  from space 512K, 93% used [0x00000000eae80000,0x00000000eaef8000,0x00000000eaf00000)
  to   space 512K, 0% used [0x00000000eae00000,0x00000000eae00000,0x00000000eae80000)
 ParOldGen       total 313856K, used 312584K [0x00000000c0000000, 0x00000000d3280000, 0x00000000eab00000)
  object space 313856K, 99% used [0x00000000c0000000,0x00000000d3142340,0x00000000d3280000)
 Metaspace       used 76658K, committed 77888K, reserved 1179648K
  class space    used 7841K, committed 8384K, reserved 1048576K
}
Event: 80.472 GC heap before
{Heap before GC invocations=651 (full 13):
 PSYoungGen      total 3072K, used 2656K [0x00000000eab00000, 0x00000000eaf00000, 0x0000000100000000)
  eden space 2560K, 85% used [0x00000000eab00000,0x00000000ead201b0,0x00000000ead80000)
  from space 512K, 93% used [0x00000000eae80000,0x00000000eaef8000,0x00000000eaf00000)
  to   space 512K, 0% used [0x00000000eae00000,0x00000000eae00000,0x00000000eae80000)
 ParOldGen       total 313856K, used 312584K [0x00000000c0000000, 0x00000000d3280000, 0x00000000eab00000)
  object space 313856K, 99% used [0x00000000c0000000,0x00000000d3142340,0x00000000d3280000)
 Metaspace       used 76659K, committed 77888K, reserved 1179648K
  class space    used 7841K, committed 8384K, reserved 1048576K
}
Event: 80.473 GC heap after
{Heap after GC invocations=651 (full 13):
 PSYoungGen      total 3072K, used 288K [0x00000000eab00000, 0x00000000eaf00000, 0x0000000100000000)
  eden space 2560K, 0% used [0x00000000eab00000,0x00000000eab00000,0x00000000ead80000)
  from space 512K, 56% used [0x00000000eae00000,0x00000000eae48000,0x00000000eae80000)
  to   space 512K, 0% used [0x00000000eae80000,0x00000000eae80000,0x00000000eaf00000)
 ParOldGen       total 313856K, used 312656K [0x00000000c0000000, 0x00000000d3280000, 0x00000000eab00000)
  object space 313856K, 99% used [0x00000000c0000000,0x00000000d3154340,0x00000000d3280000)
 Metaspace       used 76659K, committed 77888K, reserved 1179648K
  class space    used 7841K, committed 8384K, reserved 1048576K
}
Event: 80.478 GC heap before
{Heap before GC invocations=652 (full 13):
 PSYoungGen      total 3072K, used 2835K [0x00000000eab00000, 0x00000000eaf00000, 0x0000000100000000)
  eden space 2560K, 99% used [0x00000000eab00000,0x00000000ead7ce98,0x00000000ead80000)
  from space 512K, 56% used [0x00000000eae00000,0x00000000eae48000,0x00000000eae80000)
  to   space 512K, 0% used [0x00000000eae80000,0x00000000eae80000,0x00000000eaf00000)
 ParOldGen       total 313856K, used 312656K [0x00000000c0000000, 0x00000000d3280000, 0x00000000eab00000)
  object space 313856K, 99% used [0x00000000c0000000,0x00000000d3154340,0x00000000d3280000)
 Metaspace       used 76659K, committed 77888K, reserved 1179648K
  class space    used 7841K, committed 8384K, reserved 1048576K
}
Event: 80.478 GC heap after
{Heap after GC invocations=652 (full 13):
 PSYoungGen      total 3072K, used 384K [0x00000000eab00000, 0x00000000eaf00000, 0x0000000100000000)
  eden space 2560K, 0% used [0x00000000eab00000,0x00000000eab00000,0x00000000ead80000)
  from space 512K, 75% used [0x00000000eae80000,0x00000000eaee0000,0x00000000eaf00000)
  to   space 512K, 0% used [0x00000000eae00000,0x00000000eae00000,0x00000000eae80000)
 ParOldGen       total 313856K, used 312797K [0x00000000c0000000, 0x00000000d3280000, 0x00000000eab00000)
  object space 313856K, 99% used [0x00000000c0000000,0x00000000d3177540,0x00000000d3280000)
 Metaspace       used 76659K, committed 77888K, reserved 1179648K
  class space    used 7841K, committed 8384K, reserved 1048576K
}
Event: 80.485 GC heap before
{Heap before GC invocations=653 (full 13):
 PSYoungGen      total 3072K, used 2885K [0x00000000eab00000, 0x00000000eaf00000, 0x0000000100000000)
  eden space 2560K, 97% used [0x00000000eab00000,0x00000000ead71690,0x00000000ead80000)
  from space 512K, 75% used [0x00000000eae80000,0x00000000eaee0000,0x00000000eaf00000)
  to   space 512K, 0% used [0x00000000eae00000,0x00000000eae00000,0x00000000eae80000)
 ParOldGen       total 313856K, used 312797K [0x00000000c0000000, 0x00000000d3280000, 0x00000000eab00000)
  object space 313856K, 99% used [0x00000000c0000000,0x00000000d3177540,0x00000000d3280000)
 Metaspace       used 76659K, committed 77888K, reserved 1179648K
  class space    used 7841K, committed 8384K, reserved 1048576K
}
Event: 80.485 GC heap after
{Heap after GC invocations=653 (full 13):
 PSYoungGen      total 3072K, used 480K [0x00000000eab00000, 0x00000000eaf00000, 0x0000000100000000)
  eden space 2560K, 0% used [0x00000000eab00000,0x00000000eab00000,0x00000000ead80000)
  from space 512K, 93% used [0x00000000eae00000,0x00000000eae78000,0x00000000eae80000)
  to   space 512K, 0% used [0x00000000eae80000,0x00000000eae80000,0x00000000eaf00000)
 ParOldGen       total 313856K, used 312877K [0x00000000c0000000, 0x00000000d3280000, 0x00000000eab00000)
  object space 313856K, 99% used [0x00000000c0000000,0x00000000d318b540,0x00000000d3280000)
 Metaspace       used 76659K, committed 77888K, reserved 1179648K
  class space    used 7841K, committed 8384K, reserved 1048576K
}
Event: 80.491 GC heap before
{Heap before GC invocations=654 (full 13):
 PSYoungGen      total 3072K, used 3040K [0x00000000eab00000, 0x00000000eaf00000, 0x0000000100000000)
  eden space 2560K, 100% used [0x00000000eab00000,0x00000000ead80000,0x00000000ead80000)
  from space 512K, 93% used [0x00000000eae00000,0x00000000eae78000,0x00000000eae80000)
  to   space 512K, 0% used [0x00000000eae80000,0x00000000eae80000,0x00000000eaf00000)
 ParOldGen       total 313856K, used 312877K [0x00000000c0000000, 0x00000000d3280000, 0x00000000eab00000)
  object space 313856K, 99% used [0x00000000c0000000,0x00000000d318b540,0x00000000d3280000)
 Metaspace       used 76659K, committed 77888K, reserved 1179648K
  class space    used 7841K, committed 8384K, reserved 1048576K
}
Event: 80.491 GC heap after
{Heap after GC invocations=654 (full 13):
 PSYoungGen      total 3072K, used 352K [0x00000000eab00000, 0x00000000eaf00000, 0x0000000100000000)
  eden space 2560K, 0% used [0x00000000eab00000,0x00000000eab00000,0x00000000ead80000)
  from space 512K, 68% used [0x00000000eae80000,0x00000000eaed8000,0x00000000eaf00000)
  to   space 512K, 0% used [0x00000000eae00000,0x00000000eae00000,0x00000000eae80000)
 ParOldGen       total 313856K, used 313017K [0x00000000c0000000, 0x00000000d3280000, 0x00000000eab00000)
  object space 313856K, 99% used [0x00000000c0000000,0x00000000d31ae740,0x00000000d3280000)
 Metaspace       used 76659K, committed 77888K, reserved 1179648K
  class space    used 7841K, committed 8384K, reserved 1048576K
}
Event: 80.503 GC heap before
{Heap before GC invocations=655 (full 13):
 PSYoungGen      total 3072K, used 2903K [0x00000000eab00000, 0x00000000eaf00000, 0x0000000100000000)
  eden space 2560K, 99% used [0x00000000eab00000,0x00000000ead7dd08,0x00000000ead80000)
  from space 512K, 68% used [0x00000000eae80000,0x00000000eaed8000,0x00000000eaf00000)
  to   space 512K, 0% used [0x00000000eae00000,0x00000000eae00000,0x00000000eae80000)
 ParOldGen       total 313856K, used 313017K [0x00000000c0000000, 0x00000000d3280000, 0x00000000eab00000)
  object space 313856K, 99% used [0x00000000c0000000,0x00000000d31ae740,0x00000000d3280000)
 Metaspace       used 76688K, committed 77888K, reserved 1179648K
  class space    used 7843K, committed 8384K, reserved 1048576K
}
Event: 80.503 GC heap after
{Heap after GC invocations=655 (full 13):
 PSYoungGen      total 3072K, used 480K [0x00000000eab00000, 0x00000000eaf00000, 0x0000000100000000)
  eden space 2560K, 0% used [0x00000000eab00000,0x00000000eab00000,0x00000000ead80000)
  from space 512K, 93% used [0x00000000eae00000,0x00000000eae78000,0x00000000eae80000)
  to   space 512K, 0% used [0x00000000eae80000,0x00000000eae80000,0x00000000eaf00000)
 ParOldGen       total 313856K, used 313089K [0x00000000c0000000, 0x00000000d3280000, 0x00000000eab00000)
  object space 313856K, 99% used [0x00000000c0000000,0x00000000d31c0740,0x00000000d3280000)
 Metaspace       used 76688K, committed 77888K, reserved 1179648K
  class space    used 7843K, committed 8384K, reserved 1048576K
}
Event: 80.507 GC heap before
{Heap before GC invocations=656 (full 13):
 PSYoungGen      total 3072K, used 3040K [0x00000000eab00000, 0x00000000eaf00000, 0x0000000100000000)
  eden space 2560K, 100% used [0x00000000eab00000,0x00000000ead80000,0x00000000ead80000)
  from space 512K, 93% used [0x00000000eae00000,0x00000000eae78000,0x00000000eae80000)
  to   space 512K, 0% used [0x00000000eae80000,0x00000000eae80000,0x00000000eaf00000)
 ParOldGen       total 313856K, used 313089K [0x00000000c0000000, 0x00000000d3280000, 0x00000000eab00000)
  object space 313856K, 99% used [0x00000000c0000000,0x00000000d31c0740,0x00000000d3280000)
 Metaspace       used 76693K, committed 77888K, reserved 1179648K
  class space    used 7843K, committed 8384K, reserved 1048576K
}
Event: 80.507 GC heap after
{Heap after GC invocations=656 (full 13):
 PSYoungGen      total 3072K, used 480K [0x00000000eab00000, 0x00000000eaf80000, 0x0000000100000000)
  eden space 2560K, 0% used [0x00000000eab00000,0x00000000eab00000,0x00000000ead80000)
  from space 512K, 93% used [0x00000000eae80000,0x00000000eaef8020,0x00000000eaf00000)
  to   space 1024K, 0% used [0x00000000ead80000,0x00000000ead80000,0x00000000eae80000)
 ParOldGen       total 313856K, used 313334K [0x00000000c0000000, 0x00000000d3280000, 0x00000000eab00000)
  object space 313856K, 99% used [0x00000000c0000000,0x00000000d31fd950,0x00000000d3280000)
 Metaspace       used 76693K, committed 77888K, reserved 1179648K
  class space    used 7843K, committed 8384K, reserved 1048576K
}
Event: 80.511 GC heap before
{Heap before GC invocations=657 (full 13):
 PSYoungGen      total 3072K, used 3040K [0x00000000eab00000, 0x00000000eaf80000, 0x0000000100000000)
  eden space 2560K, 100% used [0x00000000eab00000,0x00000000ead80000,0x00000000ead80000)
  from space 512K, 93% used [0x00000000eae80000,0x00000000eaef8020,0x00000000eaf00000)
  to   space 1024K, 0% used [0x00000000ead80000,0x00000000ead80000,0x00000000eae80000)
 ParOldGen       total 313856K, used 313334K [0x00000000c0000000, 0x00000000d3280000, 0x00000000eab00000)
  object space 313856K, 99% used [0x00000000c0000000,0x00000000d31fd950,0x00000000d3280000)
 Metaspace       used 76693K, committed 77888K, reserved 1179648K
  class space    used 7843K, committed 8384K, reserved 1048576K
}
Event: 80.511 GC heap after
{Heap after GC invocations=657 (full 13):
 PSYoungGen      total 3584K, used 480K [0x00000000eab00000, 0x00000000eaf80000, 0x0000000100000000)
  eden space 2560K, 0% used [0x00000000eab00000,0x00000000eab00000,0x00000000ead80000)
  from space 1024K, 46% used [0x00000000ead80000,0x00000000eadf8000,0x00000000eae80000)
  to   space 1024K, 0% used [0x00000000eae80000,0x00000000eae80000,0x00000000eaf80000)
 ParOldGen       total 314368K, used 313856K [0x00000000c0000000, 0x00000000d3300000, 0x00000000eab00000)
  object space 314368K, 99% used [0x00000000c0000000,0x00000000d3280090,0x00000000d3300000)
 Metaspace       used 76693K, committed 77888K, reserved 1179648K
  class space    used 7843K, committed 8384K, reserved 1048576K
}
Event: 80.512 GC heap before
{Heap before GC invocations=658 (full 14):
 PSYoungGen      total 3584K, used 480K [0x00000000eab00000, 0x00000000eaf80000, 0x0000000100000000)
  eden space 2560K, 0% used [0x00000000eab00000,0x00000000eab00000,0x00000000ead80000)
  from space 1024K, 46% used [0x00000000ead80000,0x00000000eadf8000,0x00000000eae80000)
  to   space 1024K, 0% used [0x00000000eae80000,0x00000000eae80000,0x00000000eaf80000)
 ParOldGen       total 314368K, used 313856K [0x00000000c0000000, 0x00000000d3300000, 0x00000000eab00000)
  object space 314368K, 99% used [0x00000000c0000000,0x00000000d3280090,0x00000000d3300000)
 Metaspace       used 76693K, committed 77888K, reserved 1179648K
  class space    used 7843K, committed 8384K, reserved 1048576K
}

Dll operation events (12 events):
Event: 0.008 Loaded shared library c:\Users\USER\.vscode\extensions\redhat.java-1.28.1-win32-x64\jre\17.0.10-win32-x86_64\bin\java.dll
Event: 0.094 Loaded shared library c:\Users\USER\.vscode\extensions\redhat.java-1.28.1-win32-x64\jre\17.0.10-win32-x86_64\bin\zip.dll
Event: 0.099 Loaded shared library C:\Users\USER\.vscode\extensions\redhat.java-1.28.1-win32-x64\jre\17.0.10-win32-x86_64\bin\instrument.dll
Event: 0.106 Loaded shared library C:\Users\USER\.vscode\extensions\redhat.java-1.28.1-win32-x64\jre\17.0.10-win32-x86_64\bin\net.dll
Event: 0.108 Loaded shared library C:\Users\USER\.vscode\extensions\redhat.java-1.28.1-win32-x64\jre\17.0.10-win32-x86_64\bin\nio.dll
Event: 0.111 Loaded shared library C:\Users\USER\.vscode\extensions\redhat.java-1.28.1-win32-x64\jre\17.0.10-win32-x86_64\bin\zip.dll
Event: 0.119 Loaded shared library C:\Users\USER\.vscode\extensions\redhat.java-1.28.1-win32-x64\jre\17.0.10-win32-x86_64\bin\jimage.dll
Event: 0.147 Loaded shared library c:\Users\USER\.vscode\extensions\redhat.java-1.28.1-win32-x64\jre\17.0.10-win32-x86_64\bin\verify.dll
Event: 0.567 Loaded shared library C:\Users\USER\AppData\Roaming\Code\User\globalStorage\redhat.java\1.28.1\config_win\org.eclipse.equinox.launcher\org.eclipse.equinox.launcher.win32.win32.x86_64_1.2.900.v20240129-1338\eclipse_11900.dll
Event: 0.969 Loaded shared library C:\Users\USER\.vscode\extensions\redhat.java-1.28.1-win32-x64\jre\17.0.10-win32-x86_64\bin\management.dll
Event: 0.970 Loaded shared library C:\Users\USER\.vscode\extensions\redhat.java-1.28.1-win32-x64\jre\17.0.10-win32-x86_64\bin\management_ext.dll
Event: 1.464 Loaded shared library C:\Users\USER\AppData\Local\Temp\jna-2614219\jna7278420039069907052.dll

Deoptimization events (20 events):
Event: 80.464 Thread 0x000002bda3953330 Uncommon trap: trap_request=0xffffffde fr.pc=0x000002bd90fa8a80 relative=0x0000000000001080
Event: 80.464 Thread 0x000002bda3953330 Uncommon trap: reason=class_check action=maybe_recompile pc=0x000002bd90fa8a80 method=lombok.eclipse.EclipseNode.traverse(Llombok/eclipse/EclipseASTVisitor;)V @ 580 c2
Event: 80.464 Thread 0x000002bda3953330 DEOPT PACKING pc=0x000002bd90fa8a80 sp=0x000000de634fd690
Event: 80.464 Thread 0x000002bda3953330 DEOPT UNPACKING pc=0x000002bd902366a3 sp=0x000000de634fd638 mode 2
Event: 80.464 Thread 0x000002bda3953330 Uncommon trap: trap_request=0xffffffde fr.pc=0x000002bd90fa8a80 relative=0x0000000000001080
Event: 80.464 Thread 0x000002bda3953330 Uncommon trap: reason=class_check action=maybe_recompile pc=0x000002bd90fa8a80 method=lombok.eclipse.EclipseNode.traverse(Llombok/eclipse/EclipseASTVisitor;)V @ 580 c2
Event: 80.464 Thread 0x000002bda3953330 DEOPT PACKING pc=0x000002bd90fa8a80 sp=0x000000de634fd6f0
Event: 80.464 Thread 0x000002bda3953330 DEOPT UNPACKING pc=0x000002bd902366a3 sp=0x000000de634fd698 mode 2
Event: 80.464 Thread 0x000002bda3953330 DEOPT PACKING pc=0x000002bd8a578ad1 sp=0x000000de634fe2b0
Event: 80.464 Thread 0x000002bda3953330 DEOPT UNPACKING pc=0x000002bd90236e43 sp=0x000000de634fd7a8 mode 0
Event: 80.471 Thread 0x000002bda3953330 Uncommon trap: trap_request=0xffffff45 fr.pc=0x000002bd90c4b6c8 relative=0x0000000000000c48
Event: 80.471 Thread 0x000002bda3953330 Uncommon trap: reason=unstable_if action=reinterpret pc=0x000002bd90c4b6c8 method=org.eclipse.jdt.internal.core.util.Util.splitOn(CLjava/lang/String;II)[Ljava/lang/String; @ 16 c2
Event: 80.471 Thread 0x000002bda3953330 DEOPT PACKING pc=0x000002bd90c4b6c8 sp=0x000000de634fdc40
Event: 80.471 Thread 0x000002bda3953330 DEOPT UNPACKING pc=0x000002bd902366a3 sp=0x000000de634fdc00 mode 2
Event: 80.495 Thread 0x000002bda3953330 DEOPT PACKING pc=0x000002bd8a5698da sp=0x000000de634fd3e0
Event: 80.495 Thread 0x000002bda3953330 DEOPT UNPACKING pc=0x000002bd90236e43 sp=0x000000de634fc860 mode 0
Event: 80.496 Thread 0x000002bda3953330 Uncommon trap: trap_request=0xffffffde fr.pc=0x000002bd90f20a40 relative=0x0000000000000d20
Event: 80.496 Thread 0x000002bda3953330 Uncommon trap: reason=class_check action=maybe_recompile pc=0x000002bd90f20a40 method=org.eclipse.jdt.internal.core.PackageFragmentRoot.getPackageFragment(Ljava/lang/String;)Lorg/eclipse/jdt/core/IPackageFragment; @ 7 c2
Event: 80.496 Thread 0x000002bda3953330 DEOPT PACKING pc=0x000002bd90f20a40 sp=0x000000de634fe490
Event: 80.496 Thread 0x000002bda3953330 DEOPT UNPACKING pc=0x000002bd902366a3 sp=0x000000de634fe4a0 mode 2

Classes unloaded (7 events):
Event: 1.487 Thread 0x000002bd86177c10 Unloading class 0x000000010024a400 'java/lang/invoke/LambdaForm$MH+0x000000010024a400'
Event: 1.487 Thread 0x000002bd86177c10 Unloading class 0x000000010024a000 'java/lang/invoke/LambdaForm$MH+0x000000010024a000'
Event: 1.487 Thread 0x000002bd86177c10 Unloading class 0x0000000100249c00 'java/lang/invoke/LambdaForm$MH+0x0000000100249c00'
Event: 1.487 Thread 0x000002bd86177c10 Unloading class 0x0000000100249800 'java/lang/invoke/LambdaForm$MH+0x0000000100249800'
Event: 1.487 Thread 0x000002bd86177c10 Unloading class 0x0000000100249400 'java/lang/invoke/LambdaForm$BMH+0x0000000100249400'
Event: 1.487 Thread 0x000002bd86177c10 Unloading class 0x0000000100249000 'java/lang/invoke/LambdaForm$DMH+0x0000000100249000'
Event: 1.487 Thread 0x000002bd86177c10 Unloading class 0x0000000100244400 'java/lang/invoke/LambdaForm$DMH+0x0000000100244400'

Classes redefined (0 events):
No events

Internal exceptions (20 events):
Event: 75.788 Thread 0x000002bda2b78070 Exception <a 'sun/nio/fs/WindowsException'{0x00000000eab381d8}> (0x00000000eab381d8) 
thrown [s\src\hotspot\share\prims\jni.cpp, line 516]
Event: 75.808 Thread 0x000002bda2b78070 Exception <a 'sun/nio/fs/WindowsException'{0x00000000eac7beb8}> (0x00000000eac7beb8) 
thrown [s\src\hotspot\share\prims\jni.cpp, line 516]
Event: 75.821 Thread 0x000002bda2b78070 Exception <a 'sun/nio/fs/WindowsException'{0x00000000eab21df0}> (0x00000000eab21df0) 
thrown [s\src\hotspot\share\prims\jni.cpp, line 516]
Event: 75.846 Thread 0x000002bda2b78070 Exception <a 'sun/nio/fs/WindowsException'{0x00000000eab2f740}> (0x00000000eab2f740) 
thrown [s\src\hotspot\share\prims\jni.cpp, line 516]
Event: 75.883 Thread 0x000002bda2b78070 Exception <a 'sun/nio/fs/WindowsException'{0x00000000eac17788}> (0x00000000eac17788) 
thrown [s\src\hotspot\share\prims\jni.cpp, line 516]
Event: 75.897 Thread 0x000002bda2b78070 Exception <a 'sun/nio/fs/WindowsException'{0x00000000eab2b6b0}> (0x00000000eab2b6b0) 
thrown [s\src\hotspot\share\prims\jni.cpp, line 516]
Event: 75.927 Thread 0x000002bda2b78070 Exception <a 'sun/nio/fs/WindowsException'{0x00000000eac3bdd8}> (0x00000000eac3bdd8) 
thrown [s\src\hotspot\share\prims\jni.cpp, line 516]
Event: 75.947 Thread 0x000002bda2b78070 Exception <a 'sun/nio/fs/WindowsException'{0x00000000eabe2ad8}> (0x00000000eabe2ad8) 
thrown [s\src\hotspot\share\prims\jni.cpp, line 516]
Event: 75.960 Thread 0x000002bda2b78070 Exception <a 'sun/nio/fs/WindowsException'{0x00000000eabaa3a8}> (0x00000000eabaa3a8) 
thrown [s\src\hotspot\share\prims\jni.cpp, line 516]
Event: 75.978 Thread 0x000002bda2b78070 Exception <a 'sun/nio/fs/WindowsException'{0x00000000eab70de0}> (0x00000000eab70de0) 
thrown [s\src\hotspot\share\prims\jni.cpp, line 516]
Event: 75.987 Thread 0x000002bda2b78070 Exception <a 'sun/nio/fs/WindowsException'{0x00000000eab89de0}> (0x00000000eab89de0) 
thrown [s\src\hotspot\share\prims\jni.cpp, line 516]
Event: 76.040 Thread 0x000002bda2b78070 Exception <a 'sun/nio/fs/WindowsException'{0x00000000eaba7ed8}> (0x00000000eaba7ed8) 
thrown [s\src\hotspot\share\prims\jni.cpp, line 516]
Event: 76.063 Thread 0x000002bda2b78070 Exception <a 'sun/nio/fs/WindowsException'{0x00000000eaca78e0}> (0x00000000eaca78e0) 
thrown [s\src\hotspot\share\prims\jni.cpp, line 516]
Event: 76.447 Thread 0x000002bda2b78070 Implicit null exception at 0x000002bd9108c127 to 0x000002bd910917fc
Event: 76.854 Thread 0x000002bda2b78070 Exception <a 'sun/nio/fs/WindowsException'{0x00000000eabd1a28}> (0x00000000eabd1a28) 
thrown [s\src\hotspot\share\prims\jni.cpp, line 516]
Event: 76.900 Thread 0x000002bda3953330 Implicit null exception at 0x000002bd90d12693 to 0x000002bd90d13acc
Event: 76.910 Thread 0x000002bda3953840 Implicit null exception at 0x000002bd911f3d75 to 0x000002bd911f423c
Event: 76.996 Thread 0x000002bda3953330 Exception <a 'java/lang/ClassNotFoundException'{0x00000000eac8a1d8}: sun/net/www/protocol/jdt/Handler> (0x00000000eac8a1d8) 
thrown [s\src\hotspot\share\classfile\systemDictionary.cpp, line 256]
Event: 80.497 Thread 0x000002bda3953330 Exception <a 'java/lang/ClassNotFoundException'{0x00000000eac3a740}: sun/net/www/protocol/jdt/Handler> (0x00000000eac3a740) 
thrown [s\src\hotspot\share\classfile\systemDictionary.cpp, line 256]
Event: 80.497 Thread 0x000002bda3953330 Exception <a 'java/lang/ClassNotFoundException'{0x00000000eac3e468}: sun/net/www/protocol/jdt/Handler> (0x00000000eac3e468) 
thrown [s\src\hotspot\share\classfile\systemDictionary.cpp, line 256]

VM Operations (20 events):
Event: 80.456 Executing VM operation: ParallelGCFailedAllocation done
Event: 80.460 Executing VM operation: ParallelGCFailedAllocation
Event: 80.460 Executing VM operation: ParallelGCFailedAllocation done
Event: 80.465 Executing VM operation: ParallelGCFailedAllocation
Event: 80.465 Executing VM operation: ParallelGCFailedAllocation done
Event: 80.468 Executing VM operation: ParallelGCFailedAllocation
Event: 80.469 Executing VM operation: ParallelGCFailedAllocation done
Event: 80.472 Executing VM operation: ParallelGCFailedAllocation
Event: 80.473 Executing VM operation: ParallelGCFailedAllocation done
Event: 80.478 Executing VM operation: ParallelGCFailedAllocation
Event: 80.478 Executing VM operation: ParallelGCFailedAllocation done
Event: 80.485 Executing VM operation: ParallelGCFailedAllocation
Event: 80.485 Executing VM operation: ParallelGCFailedAllocation done
Event: 80.491 Executing VM operation: ParallelGCFailedAllocation
Event: 80.491 Executing VM operation: ParallelGCFailedAllocation done
Event: 80.503 Executing VM operation: ParallelGCFailedAllocation
Event: 80.503 Executing VM operation: ParallelGCFailedAllocation done
Event: 80.507 Executing VM operation: ParallelGCFailedAllocation
Event: 80.508 Executing VM operation: ParallelGCFailedAllocation done
Event: 80.511 Executing VM operation: ParallelGCFailedAllocation

Events (20 events):
Event: 79.369 Thread 0x000002bd9f413d60 flushing nmethod 0x000002bd8a2caf90
Event: 79.369 Thread 0x000002bd9f413d60 flushing nmethod 0x000002bd8a315010
Event: 79.370 Thread 0x000002bd9f413d60 flushing nmethod 0x000002bd8a48ad90
Event: 79.370 Thread 0x000002bd9f413d60 flushing nmethod 0x000002bd8a4a4610
Event: 79.370 Thread 0x000002bd9f413d60 flushing nmethod 0x000002bd8a55b310
Event: 79.370 Thread 0x000002bd9f413d60 flushing nmethod 0x000002bd8a58cb10
Event: 80.438 Thread 0x000002bda48094d0 Thread added: 0x000002bda48094d0
Event: 80.440 Thread 0x000002bda48074f0 Thread added: 0x000002bda48074f0
Event: 80.453 loading class java/util/AbstractList$SubList
Event: 80.453 loading class java/util/AbstractList$SubList done
Event: 80.453 loading class java/util/AbstractList$SubList$1
Event: 80.454 loading class java/util/AbstractList$SubList$1 done
Event: 80.454 loading class java/util/AbstractList$ListItr
Event: 80.454 loading class java/util/AbstractList$ListItr done
Event: 80.455 Thread 0x000002bda4809f70 Thread added: 0x000002bda4809f70
Event: 80.463 Thread 0x000002bda480cf40 Thread added: 0x000002bda480cf40
Event: 80.464 Thread 0x000002bda480d490 Thread added: 0x000002bda480d490
Event: 80.464 Thread 0x000002bda480d9e0 Thread added: 0x000002bda480d9e0
Event: 80.488 Thread 0x000002bda480b4b0 Thread added: 0x000002bda480b4b0
Event: 80.498 Thread 0x000002bda4807f90 Thread added: 0x000002bda4807f90


Dynamic libraries:
0x00007ff62d7c0000 - 0x00007ff62d7ce000 	c:\Users\USER\.vscode\extensions\redhat.java-1.28.1-win32-x64\jre\17.0.10-win32-x86_64\bin\java.exe
0x00007ffe2fec0000 - 0x00007ffe300c9000 	C:\Windows\SYSTEM32\ntdll.dll
0x00007ffe2eb80000 - 0x00007ffe2ec3d000 	C:\Windows\System32\KERNEL32.DLL
0x00007ffe2d490000 - 0x00007ffe2d814000 	C:\Windows\System32\KERNELBASE.dll
0x00007ffe2da80000 - 0x00007ffe2db91000 	C:\Windows\System32\ucrtbase.dll
0x00007ffe14d00000 - 0x00007ffe14d1b000 	c:\Users\USER\.vscode\extensions\redhat.java-1.28.1-win32-x64\jre\17.0.10-win32-x86_64\bin\VCRUNTIME140.dll
0x00007ffe178a0000 - 0x00007ffe178b7000 	c:\Users\USER\.vscode\extensions\redhat.java-1.28.1-win32-x64\jre\17.0.10-win32-x86_64\bin\jli.dll
0x00007ffe2e4e0000 - 0x00007ffe2e68d000 	C:\Windows\System32\USER32.dll
0x00007ffe2d3f0000 - 0x00007ffe2d416000 	C:\Windows\System32\win32u.dll
0x00007ffe2f2d0000 - 0x00007ffe2f2fa000 	C:\Windows\System32\GDI32.dll
0x00007ffe2d8a0000 - 0x00007ffe2d9be000 	C:\Windows\System32\gdi32full.dll
0x00007ffe2d350000 - 0x00007ffe2d3ed000 	C:\Windows\System32\msvcp_win.dll
0x00007ffe2c520000 - 0x00007ffe2c7c5000 	C:\Windows\WinSxS\amd64_microsoft.windows.common-controls_6595b64144ccf1df_6.0.22000.120_none_9d947278b86cc467\COMCTL32.dll
0x00007ffe2dd60000 - 0x00007ffe2de03000 	C:\Windows\System32\msvcrt.dll
0x00007ffe2dd10000 - 0x00007ffe2dd41000 	C:\Windows\System32\IMM32.DLL
0x00007ffe28c50000 - 0x00007ffe28c5c000 	c:\Users\USER\.vscode\extensions\redhat.java-1.28.1-win32-x64\jre\17.0.10-win32-x86_64\bin\vcruntime140_1.dll
0x00007ffe072c0000 - 0x00007ffe0734d000 	c:\Users\USER\.vscode\extensions\redhat.java-1.28.1-win32-x64\jre\17.0.10-win32-x86_64\bin\msvcp140.dll
0x00007ffdc01a0000 - 0x00007ffdc0e02000 	c:\Users\USER\.vscode\extensions\redhat.java-1.28.1-win32-x64\jre\17.0.10-win32-x86_64\bin\server\jvm.dll
0x00007ffe2f320000 - 0x00007ffe2f3ce000 	C:\Windows\System32\ADVAPI32.dll
0x00007ffe2ec40000 - 0x00007ffe2ecde000 	C:\Windows\System32\sechost.dll
0x00007ffe2e3b0000 - 0x00007ffe2e4d1000 	C:\Windows\System32\RPCRT4.dll
0x00007ffe2cec0000 - 0x00007ffe2cf0d000 	C:\Windows\SYSTEM32\POWRPROF.dll
0x00007ffe17430000 - 0x00007ffe17439000 	C:\Windows\SYSTEM32\WSOCK32.dll
0x00007ffe2e690000 - 0x00007ffe2e6ff000 	C:\Windows\System32\WS2_32.dll
0x00007ffe21ea0000 - 0x00007ffe21ed3000 	C:\Windows\SYSTEM32\WINMM.dll
0x00007ffe265e0000 - 0x00007ffe265ea000 	C:\Windows\SYSTEM32\VERSION.dll
0x00007ffe2c880000 - 0x00007ffe2c893000 	C:\Windows\SYSTEM32\UMPDC.dll
0x00007ffe2b690000 - 0x00007ffe2b6a8000 	C:\Windows\SYSTEM32\kernel.appcore.dll
0x00007ffe26450000 - 0x00007ffe2645a000 	c:\Users\USER\.vscode\extensions\redhat.java-1.28.1-win32-x64\jre\17.0.10-win32-x86_64\bin\jimage.dll
0x00007ffe2cc90000 - 0x00007ffe2ceb1000 	C:\Windows\SYSTEM32\DBGHELP.DLL
0x00007ffe2c9d0000 - 0x00007ffe2ca01000 	C:\Windows\SYSTEM32\dbgcore.DLL
0x00007ffe2d820000 - 0x00007ffe2d89f000 	C:\Windows\System32\bcryptPrimitives.dll
0x00007ffe25de0000 - 0x00007ffe25dee000 	c:\Users\USER\.vscode\extensions\redhat.java-1.28.1-win32-x64\jre\17.0.10-win32-x86_64\bin\instrument.dll
0x00007ffe15730000 - 0x00007ffe15755000 	c:\Users\USER\.vscode\extensions\redhat.java-1.28.1-win32-x64\jre\17.0.10-win32-x86_64\bin\java.dll
0x00007ffe17dd0000 - 0x00007ffe17de8000 	c:\Users\USER\.vscode\extensions\redhat.java-1.28.1-win32-x64\jre\17.0.10-win32-x86_64\bin\zip.dll
0x00007ffe2f590000 - 0x00007ffe2fd55000 	C:\Windows\System32\SHELL32.dll
0x00007ffe2a690000 - 0x00007ffe2aef2000 	C:\Windows\SYSTEM32\windows.storage.dll
0x00007ffe2e010000 - 0x00007ffe2e386000 	C:\Windows\System32\combase.dll
0x00007ffe2a520000 - 0x00007ffe2a687000 	C:\Windows\SYSTEM32\wintypes.dll
0x00007ffe2e990000 - 0x00007ffe2ea7a000 	C:\Windows\System32\SHCORE.dll
0x00007ffe2de90000 - 0x00007ffe2deed000 	C:\Windows\System32\shlwapi.dll
0x00007ffe2d280000 - 0x00007ffe2d2a5000 	C:\Windows\SYSTEM32\profapi.dll
0x00007ffe14ee0000 - 0x00007ffe14ef9000 	C:\Users\USER\.vscode\extensions\redhat.java-1.28.1-win32-x64\jre\17.0.10-win32-x86_64\bin\net.dll
0x00007ffe27f30000 - 0x00007ffe28044000 	C:\Windows\SYSTEM32\WINHTTP.dll
0x00007ffe2c390000 - 0x00007ffe2c3f7000 	C:\Windows\system32\mswsock.dll
0x00007ffe14930000 - 0x00007ffe14946000 	C:\Users\USER\.vscode\extensions\redhat.java-1.28.1-win32-x64\jre\17.0.10-win32-x86_64\bin\nio.dll
0x00007ffe25c90000 - 0x00007ffe25ca0000 	c:\Users\USER\.vscode\extensions\redhat.java-1.28.1-win32-x64\jre\17.0.10-win32-x86_64\bin\verify.dll
0x00007ffe0c0c0000 - 0x00007ffe0c0fe000 	C:\Users\USER\AppData\Roaming\Code\User\globalStorage\redhat.java\1.28.1\config_win\org.eclipse.equinox.launcher\org.eclipse.equinox.launcher.win32.win32.x86_64_1.2.900.v20240129-1338\eclipse_11900.dll
0x00007ffe2e7f0000 - 0x00007ffe2e98a000 	C:\Windows\System32\ole32.dll
0x00007ffe24410000 - 0x00007ffe24419000 	C:\Users\USER\.vscode\extensions\redhat.java-1.28.1-win32-x64\jre\17.0.10-win32-x86_64\bin\management.dll
0x00007ffe24360000 - 0x00007ffe2436b000 	C:\Users\USER\.vscode\extensions\redhat.java-1.28.1-win32-x64\jre\17.0.10-win32-x86_64\bin\management_ext.dll
0x00007ffe2eb70000 - 0x00007ffe2eb78000 	C:\Windows\System32\PSAPI.DLL
0x00007ffe2cff0000 - 0x00007ffe2d008000 	C:\Windows\SYSTEM32\CRYPTSP.dll
0x00007ffe2b5f0000 - 0x00007ffe2b625000 	C:\Windows\system32\rsaenh.dll
0x00007ffe2c480000 - 0x00007ffe2c4ac000 	C:\Windows\SYSTEM32\USERENV.dll
0x00007ffe2cc20000 - 0x00007ffe2cc47000 	C:\Windows\SYSTEM32\bcrypt.dll
0x00007ffe2c320000 - 0x00007ffe2c32c000 	C:\Windows\SYSTEM32\CRYPTBASE.dll
0x00007ffe2b1c0000 - 0x00007ffe2b1ed000 	C:\Windows\SYSTEM32\IPHLPAPI.DLL
0x00007ffe2e390000 - 0x00007ffe2e399000 	C:\Windows\System32\NSI.dll
0x00007ffe28070000 - 0x00007ffe28089000 	C:\Windows\SYSTEM32\dhcpcsvc6.DLL
0x00007ffe28280000 - 0x00007ffe2829e000 	C:\Windows\SYSTEM32\dhcpcsvc.DLL
0x00007ffe2b1f0000 - 0x00007ffe2b2d7000 	C:\Windows\SYSTEM32\DNSAPI.dll
0x00007ffe06310000 - 0x00007ffe06355000 	C:\Users\USER\AppData\Local\Temp\jna-2614219\jna7278420039069907052.dll

dbghelp: loaded successfully - version: 4.0.5 - missing functions: none
symbol engine: initialized successfully - sym options: 0x614 - pdb path: .;c:\Users\USER\.vscode\extensions\redhat.java-1.28.1-win32-x64\jre\17.0.10-win32-x86_64\bin;C:\Windows\SYSTEM32;C:\Windows\WinSxS\amd64_microsoft.windows.common-controls_6595b64144ccf1df_6.0.22000.120_none_9d947278b86cc467;c:\Users\USER\.vscode\extensions\redhat.java-1.28.1-win32-x64\jre\17.0.10-win32-x86_64\bin\server;C:\Users\USER\AppData\Roaming\Code\User\globalStorage\redhat.java\1.28.1\config_win\org.eclipse.equinox.launcher\org.eclipse.equinox.launcher.win32.win32.x86_64_1.2.900.v20240129-1338;C:\Users\USER\AppData\Local\Temp\jna-2614219

VM Arguments:
jvm_args: --add-modules=ALL-SYSTEM --add-opens=java.base/java.util=ALL-UNNAMED --add-opens=java.base/java.lang=ALL-UNNAMED --add-opens=java.base/sun.nio.fs=ALL-UNNAMED -Declipse.application=org.eclipse.jdt.ls.core.id1 -Dosgi.bundles.defaultStartLevel=4 -Declipse.product=org.eclipse.jdt.ls.core.product -Djava.import.generatesMetadataFilesAtProjectRoot=false -DDetectVMInstallationsJob.disabled=true -Dfile.encoding=utf8 -XX:+UseParallelGC -XX:GCTimeRatio=4 -XX:AdaptiveSizePolicyWeight=90 -Dsun.zip.disableMemoryMapping=true -Xmx1G -Xms100m -Xlog:disable -javaagent:c:\Users\USER\.vscode\extensions\redhat.java-1.28.1-win32-x64\lombok\lombok-1.18.31.jar -XX:+HeapDumpOnOutOfMemoryError -XX:HeapDumpPath=c:\Users\USER\AppData\Roaming\Code\User\workspaceStorage\8c7e46259c1c014f1fdc168345309c3a\redhat.java -Daether.dependencyCollector.impl=bf 
java_command: c:\Users\USER\.vscode\extensions\redhat.java-1.28.1-win32-x64\server\plugins\org.eclipse.equinox.launcher_1.6.700.v20231214-2017.jar -configuration c:\Users\USER\AppData\Roaming\Code\User\globalStorage\redhat.java\1.28.1\config_win -data c:\Users\USER\AppData\Roaming\Code\User\workspaceStorage\8c7e46259c1c014f1fdc168345309c3a\redhat.java\jdt_ws --stdio
java_class_path (initial): c:\Users\USER\.vscode\extensions\redhat.java-1.28.1-win32-x64\server\plugins\org.eclipse.equinox.launcher_1.6.700.v20231214-2017.jar
Launcher Type: SUN_STANDARD

[Global flags]
    uintx AdaptiveSizePolicyWeight                 = 90                                        {product} {command line}
     intx CICompilerCount                          = 12                                        {product} {ergonomic}
    uintx GCTimeRatio                              = 4                                         {product} {command line}
     bool HeapDumpOnOutOfMemoryError               = true                                   {manageable} {command line}
    ccstr HeapDumpPath                             = c:\Users\USER\AppData\Roaming\Code\User\workspaceStorage\8c7e46259c1c014f1fdc168345309c3a\redhat.java         {manageable} {command line}
   size_t InitialHeapSize                          = 104857600                                 {product} {command line}
   size_t MaxHeapSize                              = 1073741824                                {product} {command line}
   size_t MaxNewSize                               = 357564416                                 {product} {ergonomic}
   size_t MinHeapDeltaBytes                        = 524288                                    {product} {ergonomic}
   size_t MinHeapSize                              = 104857600                                 {product} {command line}
   size_t NewSize                                  = 34603008                                  {product} {ergonomic}
    uintx NonNMethodCodeHeapSize                   = 7602480                                {pd product} {ergonomic}
    uintx NonProfiledCodeHeapSize                  = 122027880                              {pd product} {ergonomic}
   size_t OldSize                                  = 70254592                                  {product} {ergonomic}
    uintx ProfiledCodeHeapSize                     = 122027880                              {pd product} {ergonomic}
    uintx ReservedCodeCacheSize                    = 251658240                              {pd product} {ergonomic}
     bool SegmentedCodeCache                       = true                                      {product} {ergonomic}
   size_t SoftMaxHeapSize                          = 1073741824                             {manageable} {ergonomic}
     bool UseCompressedClassPointers               = true                           {product lp64_product} {ergonomic}
     bool UseCompressedOops                        = true                           {product lp64_product} {ergonomic}
     bool UseLargePagesIndividualAllocation        = false                                  {pd product} {ergonomic}
     bool UseParallelGC                            = true                                      {product} {command line}

Logging:
Log output configuration:
 #0: stdout all=off uptime,level,tags
 #1: stderr all=off uptime,level,tags

Environment Variables:
PATH=C:\oraclexe\app\oracle\product\11.2.0\server\bin;C:\Program Files\Common Files\Oracle\Java\javapath;C:\Windows\system32;C:\Windows;C:\Windows\System32\Wbem;C:\Windows\System32\WindowsPowerShell\v1.0\;C:\Windows\System32\OpenSSH\;C:\Program Files (x86)\NVIDIA Corporation\PhysX\Common;C:\Program Files\Git\cmd;C:\Program Files\Bandizip\;C:\Program Files\MySQL\MySQL Server 8.0\bin;C:\Program Files\nodejs\;C:\Program Files\Amazon\AWSCLIV2\;C:\Program Files (x86)\DVC (Data Version Control);C:\Gradle\gradle-8.6\bin;C:\Program Files\MySQL\MySQL Shell 8.0\bin\;C:\Users\USER\AppData\Local\Programs\Python\Python312;C:\Users\USER\AppData\Local\Microsoft\WindowsApps;C:\Users\USER\AppData\Local\GitHubDesktop\bin;C:\Program Files\JetBrains\IntelliJ IDEA 2023.2.2\bin;;C:\Users\USER\AppData\Roaming\npm;C:\Users\USER\AppData\Local\Programs\Microsoft VS Code\bin
USERNAME=USER
OS=Windows_NT
PROCESSOR_IDENTIFIER=Intel64 Family 6 Model 151 Stepping 2, GenuineIntel
TMP=C:\Users\USER\AppData\Local\Temp
TEMP=C:\Users\USER\AppData\Local\Temp



Periodic native trim disabled


---------------  S Y S T E M  ---------------

OS:
 Windows 11 , 64 bit Build 22000 (10.0.22000.2360)
OS uptime: 0 days 15:11 hours

CPU: total 20 (initial active 20) (10 cores per cpu, 2 threads per core) family 6 model 151 stepping 2 microcode 0x15, cx8, cmov, fxsr, ht, mmx, 3dnowpref, sse, sse2, sse3, ssse3, sse4.1, sse4.2, popcnt, lzcnt, tsc, tscinvbit, avx, avx2, aes, erms, clmul, bmi1, bmi2, adx, sha, fma, vzeroupper, clflush, clflushopt, clwb
Processor Information for processor 0
  Max Mhz: 3610, Current Mhz: 3610, Mhz Limit: 2707
Processor Information for processor 1
  Max Mhz: 3610, Current Mhz: 3610, Mhz Limit: 3610
Processor Information for processor 2
  Max Mhz: 3610, Current Mhz: 3610, Mhz Limit: 3610
Processor Information for processor 3
  Max Mhz: 3610, Current Mhz: 3610, Mhz Limit: 3610
Processor Information for processor 4
  Max Mhz: 3610, Current Mhz: 3610, Mhz Limit: 3610
Processor Information for processor 5
  Max Mhz: 3610, Current Mhz: 3610, Mhz Limit: 3610
Processor Information for processor 6
  Max Mhz: 3610, Current Mhz: 3610, Mhz Limit: 3610
Processor Information for processor 7
  Max Mhz: 3610, Current Mhz: 3610, Mhz Limit: 3610
Processor Information for processor 8
  Max Mhz: 3610, Current Mhz: 3610, Mhz Limit: 3610
Processor Information for processor 9
  Max Mhz: 3610, Current Mhz: 3610, Mhz Limit: 3610
Processor Information for processor 10
  Max Mhz: 3610, Current Mhz: 3610, Mhz Limit: 3610
Processor Information for processor 11
  Max Mhz: 3610, Current Mhz: 3610, Mhz Limit: 3610
Processor Information for processor 12
  Max Mhz: 3610, Current Mhz: 3610, Mhz Limit: 3610
Processor Information for processor 13
  Max Mhz: 3610, Current Mhz: 3610, Mhz Limit: 3610
Processor Information for processor 14
  Max Mhz: 3610, Current Mhz: 3610, Mhz Limit: 3610
Processor Information for processor 15
  Max Mhz: 3610, Current Mhz: 3610, Mhz Limit: 3610
Processor Information for processor 16
  Max Mhz: 3610, Current Mhz: 2707, Mhz Limit: 2707
Processor Information for processor 17
  Max Mhz: 3610, Current Mhz: 2707, Mhz Limit: 2707
Processor Information for processor 18
  Max Mhz: 3610, Current Mhz: 2707, Mhz Limit: 2707
Processor Information for processor 19
  Max Mhz: 3610, Current Mhz: 2707, Mhz Limit: 2707

Memory: 4k page, system-wide physical 32541M (15958M free)
TotalPageFile size 65309M (AvailPageFile size 40624M)
current process WorkingSet (physical memory assigned to process): 770M, peak: 832M
current process commit charge ("private bytes"): 695M, peak: 791M

vm_info: OpenJDK 64-Bit Server VM (17.0.10+7) for windows-amd64 JRE (17.0.10+7), built on Jan 16 2024 23:25:11 by "admin" with MS VC++ 16.10 / 16.11 (VS2019)

END.
